1766818632060	geckodriver	INFO	Listening on 127.0.0.1:50113
1766818635126	mozrunner::runner	INFO	Running command: "C:\\Program Files\\Mozilla Firefox\\firefox.exe" "--marionette" "--remote-debugging-port" "50114" "--remote-allow-hosts" "localhost" "-no-remote" "-profile" "C:\\Users\\RICARD~1\\AppData\\Local\\Temp\\rust_mozprofileUvyoG3"
console.warn: services.settings: Ignoring preference override of remote settings server
console.warn: services.settings: Allow by setting MOZ_REMOTE_SETTINGS_DEVTOOLS=1 in the environment
Dynamically enable window occlusion 0
1766818635816	Marionette	INFO	Marionette enabled
1766818636035	Marionette	INFO	Listening on port 50121
Read port: 50121
WebDriver BiDi listening on ws://127.0.0.1:50114
1766818636187	RemoteAgent	WARN	TLS certificate errors will be ignored for this session
JavaScript warning: https://www.dof.gob.mx/js/jquery.js, line 3710: unreachable code after return statement
JavaScript error: https://www.dof.gob.mx/indicadores.php, line 28: SyntaxError: missing { before function body
console.warn: LoginRecipes: "Falling back to a synchronous message for: https://www.dof.gob.mx."
console.warn: LoginRecipes: "Falling back to a synchronous message for: https://www.dof.gob.mx."
JavaScript error: , line 0: uncaught exception: undefined
JavaScript warning: https://www.dof.gob.mx/js/jquery.js, line 3710: unreachable code after return statement
JavaScript error: https://www.dof.gob.mx/indicadores_detalle.php?cod_tipo_indicador=158&dfecha=27%2F12%2F2025&hfecha=27%2F12%2F2025, line 28: SyntaxError: missing { before function body
JavaScript error: resource://gre/actors/FormHandlerChild.sys.mjs, line 103: InvalidStateError: JSWindowActorChild.document getter: Cannot access property 'document' after actor 'FormHandler' has been destroyed
1766818655274	Marionette	INFO	Stopped listening on port 50121
Dynamically enable window occlusion 1
console.error: "Failed to fetch https://spocs.getpocket.com/user:" "NetworkError when attempting to fetch resource."
console.error: (new TypeError("NetworkError when attempting to fetch resource.", ""))
console.error: (new Error("OHTTP was configured for https://ads.mozilla.org/v1/delete_user but we couldn't fetch a valid config", "moz-src:///browser/modules/ContextId.sys.mjs", 234))
console.warn: TopSitesFeed: Failed to fetch data from MARS server: NetworkError when attempting to fetch resource.
JavaScript error: resource://gre/modules/ObliviousHTTP.sys.mjs, line 117: NS_ERROR_XPC_CANT_CONVERT_PRIMITIVE_TO_ARRAY: Cannot convert primitive JavaScript value into an array arg 2 [nsIObliviousHttpService.newChannel]
JavaScript error: resource://services-settings/RemoteSettingsClient.sys.mjs, line 85: Error: Unknown callback
