1766775482384	geckodriver	INFO	Listening on 127.0.0.1:58684
1766775485458	mozrunner::runner	INFO	Running command: "C:\\Program Files\\Mozilla Firefox\\firefox.exe" "--marionette" "-headless" "--remote-debugging-port" "5868 ... "--remote-allow-hosts" "localhost" "-no-remote" "-profile" "C:\\Users\\RICARD~1\\AppData\\Local\\Temp\\rust_mozprofileGI0aUI"
*** You are running in headless mode.
console.warn: services.settings: Ignoring preference override of remote settings server
console.warn: services.settings: Allow by setting MOZ_REMOTE_SETTINGS_DEVTOOLS=1 in the environment
Dynamically enable window occlusion 0
1766775486127	Marionette	INFO	Marionette enabled
1766775486293	Marionette	INFO	Listening on port 51079
Read port: 51079
WebDriver BiDi listening on ws://127.0.0.1:58685
1766775486476	RemoteAgent	WARN	TLS certificate errors will be ignored for this session
[GFX1-]: RenderCompositorSWGL failed mapping default framebuffer, no dt
console.error: [Exception... "Component returned failure code: 0x80070057 (NS_ERROR_ILLEGAL_VALUE) [nsIWinTaskbar.getTaskbarProgress]"  nsresult: "0x80070057 (NS_ERROR_ILLEGAL_VALUE)"  location: "JS frame :: moz-src:///browser/components/downloads/DownloadsTaskbar.sys.mjs :: #windowsAttachIndicator :: line 183"  data: no]
JavaScript warning: https://www.dof.gob.mx/js/jquery.js, line 3710: unreachable code after return statement
JavaScript error: https://www.dof.gob.mx/indicadores.php, line 28: SyntaxError: missing { before function body
console.warn: LoginRecipes: "Falling back to a synchronous message for: https://www.dof.gob.mx."
console.warn: LoginRecipes: "Falling back to a synchronous message for: https://www.dof.gob.mx."
JavaScript warning: https://www.dof.gob.mx/js/jquery.js, line 3710: unreachable code after return statement
JavaScript error: https://www.dof.gob.mx/indicadores_detalle.php?cod_tipo_indicador=158&dfecha=26%2F12%2F2025&hfecha=26%2F12%2F2025, line 28: SyntaxError: missing { before function body
JavaScript error: resource://gre/actors/FormHandlerChild.sys.mjs, line 103: InvalidStateError: JSWindowActorChild.document getter: Cannot access property 'document' after actor 'FormHandler' has been destroyed
1766775502832	Marionette	INFO	Stopped listening on port 51079
Dynamically enable window occlusion 1
console.error: "Failed to fetch https://spocs.getpocket.com/user:" "NetworkError when attempting to fetch resource."
console.error: (new TypeError("NetworkError when attempting to fetch resource.", ""))
console.error: (new Error("OHTTP was configured for https://ads.mozilla.org/v1/delete_user but we couldn't fetch a valid config", "moz-src:///browser/modules/ContextId.sys.mjs", 234))
console.warn: TopSitesFeed: Failed to fetch data from MARS server: NetworkError when attempting to fetch resource.
JavaScript error: resource://gre/modules/ObliviousHTTP.sys.mjs, line 117: NS_ERROR_XPC_CANT_CONVERT_PRIMITIVE_TO_ARRAY: Cannot convert primitive JavaScript value into an array arg 2 [nsIObliviousHttpService.newChannel]
JavaScript error: resource://services-settings/RemoteSettingsClient.sys.mjs, line 85: Error: Unknown callback
